# JRE version: OpenJDK Runtime Environment Corretto-17.0.5.8.1 (17.0.5+8) (build 17.0.5+8-LTS)
# Java VM: OpenJDK 64-Bit Server VM Corretto-17.0.5.8.1 (17.0.5+8-LTS, mixed mode, sharing, tiered, compressed oops, compressed class ptrs, g1 gc, windows-amd64)
GC Precious Log:
 CPUs: 12 total, 12 available
 Memory: 16316M
 Large Page Support: Disabled
 NUMA Support: Disabled
 Compressed Oops: Enabled (Zero based)
 Heap Region Size: 2M
 Heap Min Capacity: 8M
 Heap Initial Capacity: 256M
 Heap Max Capacity: 4080M
 Pre-touch: Disabled
 Parallel Workers: 10
 Concurrent Workers: 3
 Concurrent Refinement Workers: 10
 Periodic GC: Disabled
Heap:
 garbage-first heap   total 157696K, used 47602K [0x0000000701000000, 0x0000000800000000)
  region size 2048K, 3 young (6144K), 2 survivors (4096K)
 Metaspace       used 30570K, committed 30912K, reserved 1081344K
  class space    used 3460K, committed 3648K, reserved 1048576K
GC Heap History (16 events):
Event: 2.474 GC heap before
{Heap before GC invocations=0 (full 0):
 garbage-first heap   total 262144K, used 22528K [0x0000000701000000, 0x0000000800000000)
  region size 2048K, 11 young (22528K), 0 survivors (0K)
 Metaspace       used 5868K, committed 6016K, reserved 1056768K
  class space    used 676K, committed 768K, reserved 1048576K
}
Event: 2.477 GC heap after
{Heap after GC invocations=1 (full 0):
 garbage-first heap   total 262144K, used 4109K [0x0000000701000000, 0x0000000800000000)
  region size 2048K, 2 young (4096K), 2 survivors (4096K)
 Metaspace       used 5868K, committed 6016K, reserved 1056768K
  class space    used 676K, committed 768K, reserved 1048576K
}
Event: 2.837 GC heap before
{Heap before GC invocations=1 (full 0):
 garbage-first heap   total 262144K, used 34829K [0x0000000701000000, 0x0000000800000000)
  region size 2048K, 17 young (34816K), 2 survivors (4096K)
 Metaspace       used 9391K, committed 9600K, reserved 1064960K
  class space    used 1115K, committed 1216K, reserved 1048576K
}
Event: 2.841 GC heap after
{Heap after GC invocations=2 (full 0):
 garbage-first heap   total 262144K, used 5339K [0x0000000701000000, 0x0000000800000000)
  region size 2048K, 1 young (2048K), 1 survivors (2048K)
 Metaspace       used 9391K, committed 9600K, reserved 1064960K
  class space    used 1115K, committed 1216K, reserved 1048576K
}
Event: 8.236 GC heap before
{Heap before GC invocations=2 (full 0):
 garbage-first heap   total 262144K, used 191707K [0x0000000701000000, 0x0000000800000000)
  region size 2048K, 76 young (155648K), 1 survivors (2048K)
 Metaspace       used 18044K, committed 18304K, reserved 1073152K
  class space    used 2042K, committed 2176K, reserved 1048576K
}
Event: 8.245 GC heap after
{Heap after GC invocations=3 (full 0):
 garbage-first heap   total 262144K, used 19524K [0x0000000701000000, 0x0000000800000000)
  region size 2048K, 8 young (16384K), 8 survivors (16384K)
 Metaspace       used 18044K, committed 18304K, reserved 1073152K
  class space    used 2042K, committed 2176K, reserved 1048576K
}
Event: 10.638 GC heap before
{Heap before GC invocations=3 (full 0):
 garbage-first heap   total 262144K, used 31812K [0x0000000701000000, 0x0000000800000000)
  region size 2048K, 16 young (32768K), 8 survivors (16384K)
 Metaspace       used 21274K, committed 21504K, reserved 1073152K
  class space    used 2497K, committed 2624K, reserved 1048576K
}
Event: 10.644 GC heap after
{Heap after GC invocations=4 (full 0):
 garbage-first heap   total 262144K, used 21892K [0x0000000701000000, 0x0000000800000000)
  region size 2048K, 2 young (4096K), 2 survivors (4096K)
 Metaspace       used 21274K, committed 21504K, reserved 1073152K
  class space    used 2497K, committed 2624K, reserved 1048576K
}
Event: 11.235 GC heap before
{Heap before GC invocations=5 (full 0):
 garbage-first heap   total 90112K, used 71044K [0x0000000701000000, 0x0000000800000000)
  region size 2048K, 26 young (53248K), 2 survivors (4096K)
 Metaspace       used 25653K, committed 25920K, reserved 1073152K
  class space    used 2948K, committed 3072K, reserved 1048576K
}
Event: 11.241 GC heap after
{Heap after GC invocations=6 (full 0):
 garbage-first heap   total 92160K, used 37751K [0x0000000701000000, 0x0000000800000000)
  region size 2048K, 4 young (8192K), 4 survivors (8192K)
 Metaspace       used 25653K, committed 25920K, reserved 1073152K
  class space    used 2948K, committed 3072K, reserved 1048576K
}
Event: 11.260 GC heap before
{Heap before GC invocations=6 (full 0):
 garbage-first heap   total 92160K, used 39799K [0x0000000701000000, 0x0000000800000000)
  region size 2048K, 5 young (10240K), 4 survivors (8192K)
 Metaspace       used 25690K, committed 25984K, reserved 1073152K
  class space    used 2949K, committed 3072K, reserved 1048576K
}
Event: 11.265 GC heap after
{Heap after GC invocations=7 (full 0):
 garbage-first heap   total 92160K, used 40371K [0x0000000701000000, 0x0000000800000000)
  region size 2048K, 1 young (2048K), 1 survivors (2048K)
 Metaspace       used 25690K, committed 25984K, reserved 1073152K
  class space    used 2949K, committed 3072K, reserved 1048576K
}
Event: 11.464 GC heap before
{Heap before GC invocations=7 (full 0):
 garbage-first heap   total 92160K, used 64947K [0x0000000701000000, 0x0000000800000000)
  region size 2048K, 13 young (26624K), 1 survivors (2048K)
 Metaspace       used 26628K, committed 26880K, reserved 1073152K
  class space    used 3043K, committed 3136K, reserved 1048576K
}
Event: 11.471 GC heap after
{Heap after GC invocations=8 (full 0):
 garbage-first heap   total 92160K, used 44759K [0x0000000701000000, 0x0000000800000000)
  region size 2048K, 2 young (4096K), 2 survivors (4096K)
 Metaspace       used 26628K, committed 26880K, reserved 1073152K
  class space    used 3043K, committed 3136K, reserved 1048576K
}
Event: 11.787 GC heap before
{Heap before GC invocations=8 (full 0):
 garbage-first heap   total 92160K, used 65239K [0x0000000701000000, 0x0000000800000000)
  region size 2048K, 13 young (26624K), 2 survivors (4096K)
 Metaspace       used 27924K, committed 28288K, reserved 1081344K
  class space    used 3195K, committed 3392K, reserved 1048576K
}
Event: 11.792 GC heap after
{Heap after GC invocations=9 (full 0):
 garbage-first heap   total 157696K, used 45444K [0x0000000701000000, 0x0000000800000000)
  region size 2048K, 1 young (2048K), 1 survivors (2048K)
 Metaspace       used 27924K, committed 28288K, reserved 1081344K
  class space    used 3195K, committed 3392K, reserved 1048576K
}

