# JRE version: OpenJDK Runtime Environment Corretto-17.0.5.8.1 (17.0.5+8) (build 17.0.5+8-LTS)
# Java VM: OpenJDK 64-Bit Server VM Corretto-17.0.5.8.1 (17.0.5+8-LTS, mixed mode, sharing, tiered, compressed oops, compressed class ptrs, g1 gc, windows-amd64)
GC Precious Log:
 CPUs: 12 total, 12 available
 Memory: 16316M
 Large Page Support: Disabled
 NUMA Support: Disabled
 Compressed Oops: Enabled (Zero based)
 Heap Region Size: 2M
 Heap Min Capacity: 8M
 Heap Initial Capacity: 256M
 Heap Max Capacity: 4080M
 Pre-touch: Disabled
 Parallel Workers: 10
 Concurrent Workers: 3
 Concurrent Refinement Workers: 10
 Periodic GC: Disabled
Heap:
 garbage-first heap   total 157696K, used 74419K [0x0000000701000000, 0x0000000800000000)
  region size 2048K, 16 young (32768K), 1 survivors (2048K)
 Metaspace       used 30039K, committed 30336K, reserved 1081344K
  class space    used 3418K, committed 3584K, reserved 1048576K
GC Heap History (18 events):
Event: 0.485 GC heap before
{Heap before GC invocations=0 (full 0):
 garbage-first heap   total 262144K, used 22528K [0x0000000701000000, 0x0000000800000000)
  region size 2048K, 11 young (22528K), 0 survivors (0K)
 Metaspace       used 5721K, committed 5952K, reserved 1056768K
  class space    used 673K, committed 768K, reserved 1048576K
}
Event: 0.488 GC heap after
{Heap after GC invocations=1 (full 0):
 garbage-first heap   total 262144K, used 3915K [0x0000000701000000, 0x0000000800000000)
  region size 2048K, 2 young (4096K), 2 survivors (4096K)
 Metaspace       used 5721K, committed 5952K, reserved 1056768K
  class space    used 673K, committed 768K, reserved 1048576K
}
Event: 1.033 GC heap before
{Heap before GC invocations=1 (full 0):
 garbage-first heap   total 262144K, used 34635K [0x0000000701000000, 0x0000000800000000)
  region size 2048K, 17 young (34816K), 2 survivors (4096K)
 Metaspace       used 9457K, committed 9728K, reserved 1064960K
  class space    used 1141K, committed 1280K, reserved 1048576K
}
Event: 1.037 GC heap after
{Heap after GC invocations=2 (full 0):
 garbage-first heap   total 262144K, used 5267K [0x0000000701000000, 0x0000000800000000)
  region size 2048K, 1 young (2048K), 1 survivors (2048K)
 Metaspace       used 9457K, committed 9728K, reserved 1064960K
  class space    used 1141K, committed 1280K, reserved 1048576K
}
Event: 2.689 GC heap before
{Heap before GC invocations=2 (full 0):
 garbage-first heap   total 262144K, used 191635K [0x0000000701000000, 0x0000000800000000)
  region size 2048K, 76 young (155648K), 1 survivors (2048K)
 Metaspace       used 18045K, committed 18304K, reserved 1073152K
  class space    used 2045K, committed 2176K, reserved 1048576K
}
Event: 2.698 GC heap after
{Heap after GC invocations=3 (full 0):
 garbage-first heap   total 262144K, used 19505K [0x0000000701000000, 0x0000000800000000)
  region size 2048K, 8 young (16384K), 8 survivors (16384K)
 Metaspace       used 18045K, committed 18304K, reserved 1073152K
  class space    used 2045K, committed 2176K, reserved 1048576K
}
Event: 2.906 GC heap before
{Heap before GC invocations=3 (full 0):
 garbage-first heap   total 262144K, used 33841K [0x0000000701000000, 0x0000000800000000)
  region size 2048K, 17 young (34816K), 8 survivors (16384K)
 Metaspace       used 21273K, committed 21504K, reserved 1073152K
  class space    used 2500K, committed 2624K, reserved 1048576K
}
Event: 2.913 GC heap after
{Heap after GC invocations=4 (full 0):
 garbage-first heap   total 262144K, used 21510K [0x0000000701000000, 0x0000000800000000)
  region size 2048K, 2 young (4096K), 2 survivors (4096K)
 Metaspace       used 21273K, committed 21504K, reserved 1073152K
  class space    used 2500K, committed 2624K, reserved 1048576K
}
Event: 3.488 GC heap before
{Heap before GC invocations=5 (full 0):
 garbage-first heap   total 90112K, used 68614K [0x0000000701000000, 0x0000000800000000)
  region size 2048K, 26 young (53248K), 2 survivors (4096K)
 Metaspace       used 25552K, committed 25792K, reserved 1073152K
  class space    used 2951K, committed 3072K, reserved 1048576K
}
Event: 3.494 GC heap after
{Heap after GC invocations=6 (full 0):
 garbage-first heap   total 92160K, used 37444K [0x0000000701000000, 0x0000000800000000)
  region size 2048K, 4 young (8192K), 4 survivors (8192K)
 Metaspace       used 25552K, committed 25792K, reserved 1073152K
  class space    used 2951K, committed 3072K, reserved 1048576K
}
Event: 3.511 GC heap before
{Heap before GC invocations=6 (full 0):
 garbage-first heap   total 92160K, used 39492K [0x0000000701000000, 0x0000000800000000)
  region size 2048K, 5 young (10240K), 4 survivors (8192K)
 Metaspace       used 25581K, committed 25856K, reserved 1073152K
  class space    used 2952K, committed 3072K, reserved 1048576K
}
Event: 3.515 GC heap after
{Heap after GC invocations=7 (full 0):
 garbage-first heap   total 92160K, used 39785K [0x0000000701000000, 0x0000000800000000)
  region size 2048K, 1 young (2048K), 1 survivors (2048K)
 Metaspace       used 25581K, committed 25856K, reserved 1073152K
  class space    used 2952K, committed 3072K, reserved 1048576K
}
Event: 3.777 GC heap before
{Heap before GC invocations=7 (full 0):
 garbage-first heap   total 92160K, used 66409K [0x0000000701000000, 0x0000000800000000)
  region size 2048K, 14 young (28672K), 1 survivors (2048K)
 Metaspace       used 26689K, committed 26944K, reserved 1081344K
  class space    used 3063K, committed 3200K, reserved 1048576K
}
Event: 3.786 GC heap after
{Heap after GC invocations=8 (full 0):
 garbage-first heap   total 92160K, used 44263K [0x0000000701000000, 0x0000000800000000)
  region size 2048K, 2 young (4096K), 2 survivors (4096K)
 Metaspace       used 26689K, committed 26944K, reserved 1081344K
  class space    used 3063K, committed 3200K, reserved 1048576K
}
Event: 4.096 GC heap before
{Heap before GC invocations=8 (full 0):
 garbage-first heap   total 92160K, used 64743K [0x0000000701000000, 0x0000000800000000)
  region size 2048K, 13 young (26624K), 2 survivors (4096K)
 Metaspace       used 27986K, committed 28288K, reserved 1081344K
  class space    used 3212K, committed 3392K, reserved 1048576K
}
Event: 4.100 GC heap after
{Heap after GC invocations=9 (full 0):
 garbage-first heap   total 92160K, used 45257K [0x0000000701000000, 0x0000000800000000)
  region size 2048K, 1 young (2048K), 1 survivors (2048K)
 Metaspace       used 27986K, committed 28288K, reserved 1081344K
  class space    used 3212K, committed 3392K, reserved 1048576K
}
Event: 4.326 GC heap before
{Heap before GC invocations=9 (full 0):
 garbage-first heap   total 92160K, used 67785K [0x0000000701000000, 0x0000000800000000)
  region size 2048K, 13 young (26624K), 1 survivors (2048K)
 Metaspace       used 28690K, committed 28992K, reserved 1081344K
  class space    used 3274K, committed 3456K, reserved 1048576K
}
Event: 4.329 GC heap after
{Heap after GC invocations=10 (full 0):
 garbage-first heap   total 157696K, used 45747K [0x0000000701000000, 0x0000000800000000)
  region size 2048K, 1 young (2048K), 1 survivors (2048K)
 Metaspace       used 28690K, committed 28992K, reserved 1081344K
  class space    used 3274K, committed 3456K, reserved 1048576K
}

